0 info it worked if it ends with ok
1 verbose cli [ '/usr/local/bin/node', '/usr/local/bin/npm', 'run', 'scan' ]
2 info using npm@3.3.12
3 info using node@v5.4.0
4 verbose run-script [ 'prescan', 'scan', 'postscan' ]
5 info lifecycle huemotion_livingroom@0.0.1~prescan: huemotion_livingroom@0.0.1
6 silly lifecycle huemotion_livingroom@0.0.1~prescan: no script for prescan, continuing
7 info lifecycle huemotion_livingroom@0.0.1~scan: huemotion_livingroom@0.0.1
8 verbose lifecycle huemotion_livingroom@0.0.1~scan: unsafe-perm in lifecycle true
9 verbose lifecycle huemotion_livingroom@0.0.1~scan: PATH: /usr/local/lib/node_modules/npm/bin/node-gyp-bin:/home/fg/Dev/AlertGFCI/huemotion_livingroom/node_modules/.bin:/usr/local/sbin:/usr/local/bin:/usr/sbin:/usr/bin:/sbin:/bin
10 verbose lifecycle huemotion_livingroom@0.0.1~scan: CWD: /home/fg/Dev/AlertGFCI/huemotion_livingroom
11 silly lifecycle huemotion_livingroom@0.0.1~scan: Args: [ '-c', 'dash-button scan' ]
12 silly lifecycle huemotion_livingroom@0.0.1~scan: Returned: code: 132  signal: null
13 info lifecycle huemotion_livingroom@0.0.1~scan: Failed to exec scan script
14 verbose stack Error: huemotion_livingroom@0.0.1 scan: `dash-button scan`
14 verbose stack Exit status 132
14 verbose stack     at EventEmitter.<anonymous> (/usr/local/lib/node_modules/npm/lib/utils/lifecycle.js:232:16)
14 verbose stack     at emitTwo (events.js:87:13)
14 verbose stack     at EventEmitter.emit (events.js:172:7)
14 verbose stack     at ChildProcess.<anonymous> (/usr/local/lib/node_modules/npm/lib/utils/spawn.js:24:14)
14 verbose stack     at emitTwo (events.js:87:13)
14 verbose stack     at ChildProcess.emit (events.js:172:7)
14 verbose stack     at maybeClose (internal/child_process.js:821:16)
14 verbose stack     at Process.ChildProcess._handle.onexit (internal/child_process.js:211:5)
15 verbose pkgid huemotion_livingroom@0.0.1
16 verbose cwd /home/fg/Dev/AlertGFCI/huemotion_livingroom
17 error Linux 4.1.13+
18 error argv "/usr/local/bin/node" "/usr/local/bin/npm" "run" "scan"
19 error node v5.4.0
20 error npm  v3.3.12
21 error code ELIFECYCLE
22 error huemotion_livingroom@0.0.1 scan: `dash-button scan`
22 error Exit status 132
23 error Failed at the huemotion_livingroom@0.0.1 scan script 'dash-button scan'.
23 error Make sure you have the latest version of node.js and npm installed.
23 error If you do, this is most likely a problem with the huemotion_livingroom package,
23 error not with npm itself.
23 error Tell the author that this fails on your system:
23 error     dash-button scan
23 error You can get their info via:
23 error     npm owner ls huemotion_livingroom
23 error There is likely additional logging output above.
24 verbose exit [ 1, true ]
